Using pre-set license
Built from 'master' branch; Version is '2020.3.36f1 (71f96b79b9f0) revision 7469419'; Using compiler version '192528614'; Build Type 'Release'
OS: 'Windows 10  (10.0.19044) 64bit Core' Language: 'he' Physical Memory: 16144 MB
BatchMode: 1, IsHumanControllingUs: 0, StartBugReporterOnCrash: 0, Is64bit: 1, IsPro: 0

COMMAND LINE ARGUMENTS:
C:\Program Files\Unity\Hub\Editor\2020.3.36f1\Editor\Unity.exe
-adb2
-batchMode
-noUpm
-name
AssetImportWorker0
-projectPath
C:/Works/Space-Hop/SpaceHop
-logFile
Logs/AssetImportWorker0.log
-srvPort
60068
Successfully changed project path to: C:/Works/Space-Hop/SpaceHop
C:/Works/Space-Hop/SpaceHop
Using Asset Import Pipeline V2.
Refreshing native plugins compatible for Editor in 41.87 ms, found 3 plugins.
Preloading 0 native plugins for Editor in 0.00 ms.
Initialize engine version: 2020.3.36f1 (71f96b79b9f0)
[Subsystems] Discovering subsystems at path C:/Program Files/Unity/Hub/Editor/2020.3.36f1/Editor/Data/Resources/UnitySubsystems
[Subsystems] Discovering subsystems at path C:/Works/Space-Hop/SpaceHop/Assets
GfxDevice: creating device client; threaded=0
Direct3D:
    Version:  Direct3D 11.0 [level 11.1]
    Renderer: NVIDIA GeForce RTX 2070 Super (ID=0x1e91)
    Vendor:   
    VRAM:     8011 MB
    Driver:   27.21.14.6231
Initialize mono
Mono path[0] = 'C:/Program Files/Unity/Hub/Editor/2020.3.36f1/Editor/Data/Managed'
Mono path[1] = 'C:/Program Files/Unity/Hub/Editor/2020.3.36f1/Editor/Data/MonoBleedingEdge/lib/mono/unityjit'
Mono config path = 'C:/Program Files/Unity/Hub/Editor/2020.3.36f1/Editor/Data/MonoBleedingEdge/etc'
Using monoOptions --debugger-agent=transport=dt_socket,embedding=1,server=y,suspend=n,address=127.0.0.1:56604
Begin MonoManager ReloadAssembly
Registering precompiled unity dll's ...
Register platform support module: C:/Program Files/Unity/Hub/Editor/2020.3.36f1/Editor/Data/PlaybackEngines/WindowsStandaloneSupport/UnityEditor.WindowsStandalone.Extensions.dll
Registered in 0.002062 seconds.
Native extension for WindowsStandalone target not found
Refreshing native plugins compatible for Editor in 35.60 ms, found 3 plugins.
Preloading 0 native plugins for Editor in 0.00 ms.
Mono: successfully reloaded assembly
- Completed reload, in  0.510 seconds
Domain Reload Profiling:
	ReloadAssembly (510ms)
		BeginReloadAssembly (62ms)
			ExecutionOrderSort (0ms)
			DisableScriptedObjects (0ms)
			BackupInstance (0ms)
			ReleaseScriptingObjects (0ms)
			CreateAndSetChildDomain (1ms)
		EndReloadAssembly (382ms)
			LoadAssemblies (59ms)
			RebuildTransferFunctionScriptingTraits (0ms)
			SetupTypeCache (128ms)
			ReleaseScriptCaches (0ms)
			RebuildScriptCaches (26ms)
			SetupLoadedEditorAssemblies (142ms)
				LogAssemblyErrors (0ms)
				InitializePlatformSupportModulesInManaged (4ms)
				SetLoadedEditorAssemblies (0ms)
				RefreshPlugins (36ms)
				BeforeProcessingInitializeOnLoad (13ms)
				ProcessInitializeOnLoadAttributes (65ms)
				ProcessInitializeOnLoadMethodAttributes (24ms)
				AfterProcessingInitializeOnLoad (0ms)
				EditorAssembliesLoaded (0ms)
			ExecutionOrderSort2 (0ms)
			AwakeInstancesAfterBackupRestoration (0ms)
Platform modules already initialized, skipping
Registering precompiled user dll's ...
Registered in 0.003344 seconds.
Begin MonoManager ReloadAssembly
Native extension for WindowsStandalone target not found
Refreshing native plugins compatible for Editor in 35.31 ms, found 3 plugins.
Preloading 0 native plugins for Editor in 0.00 ms.
Mono: successfully reloaded assembly
- Completed reload, in  0.974 seconds
Domain Reload Profiling:
	ReloadAssembly (975ms)
		BeginReloadAssembly (149ms)
			ExecutionOrderSort (0ms)
			DisableScriptedObjects (4ms)
			BackupInstance (0ms)
			ReleaseScriptingObjects (0ms)
			CreateAndSetChildDomain (16ms)
		EndReloadAssembly (773ms)
			LoadAssemblies (105ms)
			RebuildTransferFunctionScriptingTraits (0ms)
			SetupTypeCache (254ms)
			ReleaseScriptCaches (0ms)
			RebuildScriptCaches (38ms)
			SetupLoadedEditorAssemblies (306ms)
				LogAssemblyErrors (0ms)
				InitializePlatformSupportModulesInManaged (4ms)
				SetLoadedEditorAssemblies (0ms)
				RefreshPlugins (35ms)
				BeforeProcessingInitializeOnLoad (73ms)
				ProcessInitializeOnLoadAttributes (169ms)
				ProcessInitializeOnLoadMethodAttributes (17ms)
				AfterProcessingInitializeOnLoad (7ms)
				EditorAssembliesLoaded (0ms)
			ExecutionOrderSort2 (0ms)
			AwakeInstancesAfterBackupRestoration (2ms)
Platform modules already initialized, skipping
========================================================================
Worker process is ready to serve import requests
Launched and connected shader compiler UnityShaderCompiler.exe after 0.04 seconds
Refreshing native plugins compatible for Editor in 0.45 ms, found 3 plugins.
Preloading 0 native plugins for Editor in 0.00 ms.
Unloading 2210 Unused Serialized files (Serialized files now loaded: 0)
System memory in use before: 97.3 MB.
System memory in use after: 97.2 MB.

Unloading 31 unused Assets to reduce memory usage. Loaded Objects now: 2642.
Total: 3.144000 ms (FindLiveObjects: 0.164000 ms CreateObjectMapping: 0.070300 ms MarkObjects: 2.686300 ms  DeleteObjects: 0.222600 ms)

AssetImportParameters requested are different than current active one (requested -> active):
  custom:framework-win-MediaFoundation: 216162199b28c13a410421893ffa2e32 -> 
  custom:video-decoder-ogg-theora: a1e56fd34408186e4bbccfd4996cb3dc -> 
  custom:container-muxer-webm: aa71ff27fc2769a1b78a27578f13a17b -> 
  custom:container-demuxer-webm: 4f35f7cbe854078d1ac9338744f61a02 -> 
  custom:container-demuxer-ogg: 62fdf1f143b41e24485cea50d1cbac27 -> 
  custom:video-encoder-webm-vp8: eb34c28f22e8b96e1ab97ce403110664 -> 
  custom:video-codec-MediaFoundation-h265: 746d11721c4dcdbdad8f713fa42b33f4 -> 
  custom:video-decoder-webm-vp8: 9c59270c3fd7afecdb556c50c9e8de78 -> 
  custom:audio-decoder-ogg-vorbis: bf7c407c2cedff20999df2af8eb42d56 -> 
  custom:audio-encoder-webm-vorbis: bf7c407c2cedff20999df2af8eb42d56 -> 
========================================================================
Received Import Request.
  path: Assets
  artifactKey: Guid(00000000000000001000000000000000) Importer(815301076,1909f56bfc062723c751e8b465ee728b)
Start importing Assets using Guid(00000000000000001000000000000000) Importer(815301076,1909f56bfc062723c751e8b465ee728b)  -> (artifact id: '42d402b061de3733987d63b9cc3b64de') in 0.008142 seconds 
========================================================================
Received Import Request.
  Time since last request: 5.525817 seconds.
  path: Assets/Graphics
  artifactKey: Guid(4077931eeb2347e499e96a83ae75abdb) Importer(815301076,1909f56bfc062723c751e8b465ee728b)
Start importing Assets/Graphics using Guid(4077931eeb2347e499e96a83ae75abdb) Importer(815301076,1909f56bfc062723c751e8b465ee728b)  -> (artifact id: '2e6c5f3d5c46e1b7f0cc1382f5026b21') in 0.006914 seconds 
========================================================================
Received Import Request.
  Time since last request: 6.565849 seconds.
  path: Assets/Graphics/Spine
  artifactKey: Guid(a31360049d7731d4babfa83314bc1a6a) Importer(815301076,1909f56bfc062723c751e8b465ee728b)
Start importing Assets/Graphics/Spine using Guid(a31360049d7731d4babfa83314bc1a6a) Importer(815301076,1909f56bfc062723c751e8b465ee728b)  -> (artifact id: '5e62e2988b98308ae58d2b898981e86c') in 0.006648 seconds 
========================================================================
Received Import Request.
  Time since last request: 6.103169 seconds.
  path: Assets/Graphics/Spine/Player
  artifactKey: Guid(fadd3ee8c860fd44b9bbe8458e93586c) Importer(815301076,1909f56bfc062723c751e8b465ee728b)
Start importing Assets/Graphics/Spine/Player using Guid(fadd3ee8c860fd44b9bbe8458e93586c) Importer(815301076,1909f56bfc062723c751e8b465ee728b)  -> (artifact id: '58d033f02af7ad6ac8f3498708d5f3a6') in 0.006389 seconds 
========================================================================
Received Import Request.
  Time since last request: 6.345805 seconds.
  path: Assets/Graphics/Spine/Player/Player.png
  artifactKey: Guid(31f6425dcc0db424491f3f08b23a12be) Importer(815301076,1909f56bfc062723c751e8b465ee728b)
Start importing Assets/Graphics/Spine/Player/Player.png using Guid(31f6425dcc0db424491f3f08b23a12be) Importer(815301076,1909f56bfc062723c751e8b465ee728b)  -> (artifact id: '30af2b2092100ddc5f9c60865d719468') in 0.131263 seconds 
========================================================================
Received Import Request.
  Time since last request: 2.344137 seconds.
  path: Assets/Graphics/Spine/Player/Player.json
  artifactKey: Guid(7efe1320cbd3362468118e8c175e2a21) Importer(815301076,1909f56bfc062723c751e8b465ee728b)
Start importing Assets/Graphics/Spine/Player/Player.json using Guid(7efe1320cbd3362468118e8c175e2a21) Importer(815301076,1909f56bfc062723c751e8b465ee728b)  -> (artifact id: '6c8587e2babc3f58c888a1825ded815b') in 0.006036 seconds 
========================================================================
Received Import Request.
  Time since last request: 1.344532 seconds.
  path: Assets/Graphics/Spine/Player/Player.atlas.txt
  artifactKey: Guid(c54cb00f62033b941adb5ffbdc17ade7) Importer(815301076,1909f56bfc062723c751e8b465ee728b)
Start importing Assets/Graphics/Spine/Player/Player.atlas.txt using Guid(c54cb00f62033b941adb5ffbdc17ade7) Importer(815301076,1909f56bfc062723c751e8b465ee728b)  -> (artifact id: '33129cca3c8628132dcd3203fd37e607') in 0.012096 seconds 
========================================================================
Received Prepare
Registering precompiled user dll's ...
Registered in 0.004231 seconds.
Begin MonoManager ReloadAssembly
Native extension for WindowsStandalone target not found
Refreshing native plugins compatible for Editor in 0.47 ms, found 3 plugins.
Preloading 0 native plugins for Editor in 0.00 ms.
Mono: successfully reloaded assembly
- Completed reload, in  1.018 seconds
Domain Reload Profiling:
	ReloadAssembly (1019ms)
		BeginReloadAssembly (140ms)
			ExecutionOrderSort (0ms)
			DisableScriptedObjects (7ms)
			BackupInstance (0ms)
			ReleaseScriptingObjects (0ms)
			CreateAndSetChildDomain (36ms)
		EndReloadAssembly (807ms)
			LoadAssemblies (118ms)
			RebuildTransferFunctionScriptingTraits (0ms)
			SetupTypeCache (289ms)
			ReleaseScriptCaches (1ms)
			RebuildScriptCaches (39ms)
			SetupLoadedEditorAssemblies (296ms)
				LogAssemblyErrors (0ms)
				InitializePlatformSupportModulesInManaged (4ms)
				SetLoadedEditorAssemblies (1ms)
				RefreshPlugins (1ms)
				BeforeProcessingInitializeOnLoad (82ms)
				ProcessInitializeOnLoadAttributes (184ms)
				ProcessInitializeOnLoadMethodAttributes (16ms)
				AfterProcessingInitializeOnLoad (8ms)
				EditorAssembliesLoaded (0ms)
			ExecutionOrderSort2 (0ms)
			AwakeInstancesAfterBackupRestoration (5ms)
Platform modules already initialized, skipping
Shader 'Spine/Outline/Blend Modes/Skeleton PMA Screen': fallback shader 'Spine/Blend Modes/Skeleton PMA Screen' not found
WARNING: Shader Unsupported: 'Spine/Outline/Blend Modes/Skeleton PMA Screen' - All subshaders removed
WARNING: Shader Did you use #pragma only_renderers and omit this platform?
WARNING: Shader If subshaders removal was intentional, you may have forgotten turning Fallback off?
WARNING: Shader Unsupported: 'Spine/Outline/Blend Modes/Skeleton PMA Screen' - All subshaders removed
WARNING: Shader Did you use #pragma only_renderers and omit this platform?
WARNING: Shader If subshaders removal was intentional, you may have forgotten turning Fallback off?
Shader 'Spine/Outline/Skeleton': fallback shader 'Spine/Skeleton' not found
WARNING: Shader Unsupported: 'Spine/Outline/Skeleton' - All subshaders removed
WARNING: Shader Did you use #pragma only_renderers and omit this platform?
WARNING: Shader If subshaders removal was intentional, you may have forgotten turning Fallback off?
WARNING: Shader Unsupported: 'Spine/Outline/Skeleton' - All subshaders removed
WARNING: Shader Did you use #pragma only_renderers and omit this platform?
WARNING: Shader If subshaders removal was intentional, you may have forgotten turning Fallback off?
Shader 'Spine/Outline/Skeleton Tint Black': fallback shader 'Spine/Special/Skeleton Grayscale' not found
WARNING: Shader Unsupported: 'Spine/Outline/Skeleton Tint Black' - All subshaders removed
WARNING: Shader Did you use #pragma only_renderers and omit this platform?
WARNING: Shader If subshaders removal was intentional, you may have forgotten turning Fallback off?
WARNING: Shader Unsupported: 'Spine/Outline/Skeleton Tint Black' - All subshaders removed
WARNING: Shader Did you use #pragma only_renderers and omit this platform?
WARNING: Shader If subshaders removal was intentional, you may have forgotten turning Fallback off?
Shader 'Spine/Outline/SkeletonGraphic': fallback shader 'Spine/SkeletonGraphic' not found
WARNING: Shader Unsupported: 'Spine/Outline/SkeletonGraphic' - All subshaders removed
WARNING: Shader Did you use #pragma only_renderers and omit this platform?
WARNING: Shader If subshaders removal was intentional, you may have forgotten turning Fallback off?
WARNING: Shader Unsupported: 'Spine/Outline/SkeletonGraphic' - All subshaders removed
WARNING: Shader Did you use #pragma only_renderers and omit this platform?
WARNING: Shader If subshaders removal was intentional, you may have forgotten turning Fallback off?
Shader 'Spine/Outline/Special/Skeleton Grayscale': fallback shader 'Spine/Special/Skeleton Grayscale' not found
WARNING: Shader Unsupported: 'Spine/Outline/Special/Skeleton Grayscale' - All subshaders removed
WARNING: Shader Did you use #pragma only_renderers and omit this platform?
WARNING: Shader If subshaders removal was intentional, you may have forgotten turning Fallback off?
WARNING: Shader Unsupported: 'Spine/Outline/Special/Skeleton Grayscale' - All subshaders removed
WARNING: Shader Did you use #pragma only_renderers and omit this platform?
WARNING: Shader If subshaders removal was intentional, you may have forgotten turning Fallback off?
Shader 'Spine/Outline/OutlineOnly-ZWrite': fallback shader 'Spine/Skeleton' not found
Shader 'Spine/Outline/Sprite/Vertex Lit': fallback shader 'Spine/Sprite/Vertex Lit' not found
WARNING: Shader Unsupported: 'Spine/Outline/Sprite/Vertex Lit' - All subshaders removed
WARNING: Shader Did you use #pragma only_renderers and omit this platform?
WARNING: Shader If subshaders removal was intentional, you may have forgotten turning Fallback off?
WARNING: Shader Unsupported: 'Spine/Outline/Sprite/Vertex Lit' - All subshaders removed
WARNING: Shader Did you use #pragma only_renderers and omit this platform?
WARNING: Shader If subshaders removal was intentional, you may have forgotten turning Fallback off?
Shader 'Spine/Outline/SkeletonGraphic Tint Black': fallback shader 'Spine/SkeletonGraphic Tint Black' not found
WARNING: Shader Unsupported: 'Spine/Outline/SkeletonGraphic Tint Black' - All subshaders removed
WARNING: Shader Did you use #pragma only_renderers and omit this platform?
WARNING: Shader If subshaders removal was intentional, you may have forgotten turning Fallback off?
WARNING: Shader Unsupported: 'Spine/Outline/SkeletonGraphic Tint Black' - All subshaders removed
WARNING: Shader Did you use #pragma only_renderers and omit this platform?
WARNING: Shader If subshaders removal was intentional, you may have forgotten turning Fallback off?
Shader 'Spine/Outline/Skeleton Lit ZWrite': fallback shader 'Spine/Skeleton Lit ZWrite' not found
WARNING: Shader Unsupported: 'Spine/Outline/Skeleton Lit ZWrite' - All subshaders removed
WARNING: Shader Did you use #pragma only_renderers and omit this platform?
WARNING: Shader If subshaders removal was intentional, you may have forgotten turning Fallback off?
WARNING: Shader Unsupported: 'Spine/Outline/Skeleton Lit ZWrite' - All subshaders removed
WARNING: Shader Did you use #pragma only_renderers and omit this platform?
WARNING: Shader If subshaders removal was intentional, you may have forgotten turning Fallback off?
Shader 'Spine/Outline/Skeleton Fill': fallback shader 'Spine/Skeleton Fill' not found
WARNING: Shader Unsupported: 'Spine/Outline/Skeleton Fill' - All subshaders removed
WARNING: Shader Did you use #pragma only_renderers and omit this platform?
WARNING: Shader If subshaders removal was intentional, you may have forgotten turning Fallback off?
WARNING: Shader Unsupported: 'Spine/Outline/Skeleton Fill' - All subshaders removed
WARNING: Shader Did you use #pragma only_renderers and omit this platform?
WARNING: Shader If subshaders removal was intentional, you may have forgotten turning Fallback off?
Shader 'Spine/Outline/Blend Modes/Skeleton PMA Additive': fallback shader 'Spine/Blend Modes/Skeleton PMA Additive' not found
WARNING: Shader Unsupported: 'Spine/Outline/Blend Modes/Skeleton PMA Additive' - All subshaders removed
WARNING: Shader Did you use #pragma only_renderers and omit this platform?
WARNING: Shader If subshaders removal was intentional, you may have forgotten turning Fallback off?
WARNING: Shader Unsupported: 'Spine/Outline/Blend Modes/Skeleton PMA Additive' - All subshaders removed
WARNING: Shader Did you use #pragma only_renderers and omit this platform?
WARNING: Shader If subshaders removal was intentional, you may have forgotten turning Fallback off?
Shader 'Spine/Outline/Skeleton Tint': fallback shader 'Spine/Skeleton Tint' not found
WARNING: Shader Unsupported: 'Spine/Outline/Skeleton Tint' - All subshaders removed
WARNING: Shader Did you use #pragma only_renderers and omit this platform?
WARNING: Shader If subshaders removal was intentional, you may have forgotten turning Fallback off?
WARNING: Shader Unsupported: 'Spine/Outline/Skeleton Tint' - All subshaders removed
WARNING: Shader Did you use #pragma only_renderers and omit this platform?
WARNING: Shader If subshaders removal was intentional, you may have forgotten turning Fallback off?
Refreshing native plugins compatible for Editor in 0.51 ms, found 3 plugins.
Preloading 0 native plugins for Editor in 0.00 ms.
Unloading 2393 Unused Serialized files (Serialized files now loaded: 0)
System memory in use before: 113.6 MB.
System memory in use after: 110.1 MB.

Unloading 60 unused Assets to reduce memory usage. Loaded Objects now: 2799.
Total: 4.350700 ms (FindLiveObjects: 0.189600 ms CreateObjectMapping: 0.106800 ms MarkObjects: 2.358100 ms  DeleteObjects: 1.695500 ms)

AssetImportParameters requested are different than current active one (requested -> active):
  custom:framework-win-MediaFoundation: 216162199b28c13a410421893ffa2e32 -> 
  custom:video-decoder-ogg-theora: a1e56fd34408186e4bbccfd4996cb3dc -> 
  custom:container-muxer-webm: aa71ff27fc2769a1b78a27578f13a17b -> 
  custom:container-demuxer-webm: 4f35f7cbe854078d1ac9338744f61a02 -> 
  custom:container-demuxer-ogg: 62fdf1f143b41e24485cea50d1cbac27 -> 
  custom:video-encoder-webm-vp8: eb34c28f22e8b96e1ab97ce403110664 -> 
  custom:video-codec-MediaFoundation-h265: 746d11721c4dcdbdad8f713fa42b33f4 -> 
  custom:video-decoder-webm-vp8: 9c59270c3fd7afecdb556c50c9e8de78 -> 
  custom:audio-decoder-ogg-vorbis: bf7c407c2cedff20999df2af8eb42d56 -> 
  custom:audio-encoder-webm-vorbis: bf7c407c2cedff20999df2af8eb42d56 -> 
========================================================================
Received Import Request.
  Time since last request: 166.356046 seconds.
  path: Assets/Editor
  artifactKey: Guid(ad3e4275e356e80439aa15d810d4d62e) Importer(815301076,1909f56bfc062723c751e8b465ee728b)
Start importing Assets/Editor using Guid(ad3e4275e356e80439aa15d810d4d62e) Importer(815301076,1909f56bfc062723c751e8b465ee728b)  -> (artifact id: '7519f9c2c60bcd9945570b2d5dede1b3') in 0.008635 seconds 
========================================================================
Received Import Request.
  Time since last request: 0.852373 seconds.
  path: Assets/Spine
  artifactKey: Guid(30918bcaadaaecc42bc215ff52f75b21) Importer(815301076,1909f56bfc062723c751e8b465ee728b)
Start importing Assets/Spine using Guid(30918bcaadaaecc42bc215ff52f75b21) Importer(815301076,1909f56bfc062723c751e8b465ee728b)  -> (artifact id: '0f5114d02897e84bf3c88b263f66ec09') in 0.006006 seconds 
========================================================================
Received Import Request.
  Time since last request: 29.235194 seconds.
  path: Assets/Utility
  artifactKey: Guid(3d08542fb2e9a9445a31ba3418403c94) Importer(815301076,1909f56bfc062723c751e8b465ee728b)
Start importing Assets/Utility using Guid(3d08542fb2e9a9445a31ba3418403c94) Importer(815301076,1909f56bfc062723c751e8b465ee728b)  -> (artifact id: 'bc2f424c97479f52ab5df5597d62ebc9') in 0.006655 seconds 
========================================================================
Received Prepare
Registering precompiled user dll's ...
Registered in 0.003624 seconds.
Begin MonoManager ReloadAssembly
Native extension for WindowsStandalone target not found
Refreshing native plugins compatible for Editor in 0.48 ms, found 3 plugins.
Preloading 0 native plugins for Editor in 0.00 ms.
Mono: successfully reloaded assembly
- Completed reload, in  0.951 seconds
Domain Reload Profiling:
	ReloadAssembly (952ms)
		BeginReloadAssembly (116ms)
			ExecutionOrderSort (0ms)
			DisableScriptedObjects (6ms)
			BackupInstance (0ms)
			ReleaseScriptingObjects (0ms)
			CreateAndSetChildDomain (34ms)
		EndReloadAssembly (775ms)
			LoadAssemblies (101ms)
			RebuildTransferFunctionScriptingTraits (0ms)
			SetupTypeCache (273ms)
			ReleaseScriptCaches (1ms)
			RebuildScriptCaches (38ms)
			SetupLoadedEditorAssemblies (285ms)
				LogAssemblyErrors (0ms)
				InitializePlatformSupportModulesInManaged (4ms)
				SetLoadedEditorAssemblies (0ms)
				RefreshPlugins (1ms)
				BeforeProcessingInitializeOnLoad (81ms)
				ProcessInitializeOnLoadAttributes (173ms)
				ProcessInitializeOnLoadMethodAttributes (19ms)
				AfterProcessingInitializeOnLoad (8ms)
				EditorAssembliesLoaded (0ms)
			ExecutionOrderSort2 (0ms)
			AwakeInstancesAfterBackupRestoration (4ms)
Platform modules already initialized, skipping
Refreshing native plugins compatible for Editor in 0.47 ms, found 3 plugins.
Preloading 0 native plugins for Editor in 0.00 ms.
Unloading 2392 Unused Serialized files (Serialized files now loaded: 0)
System memory in use before: 113.5 MB.
System memory in use after: 110.0 MB.

Unloading 60 unused Assets to reduce memory usage. Loaded Objects now: 2802.
Total: 5.435700 ms (FindLiveObjects: 0.189000 ms CreateObjectMapping: 0.156300 ms MarkObjects: 3.175000 ms  DeleteObjects: 1.914700 ms)

AssetImportParameters requested are different than current active one (requested -> active):
  custom:framework-win-MediaFoundation: 216162199b28c13a410421893ffa2e32 -> 
  custom:video-decoder-ogg-theora: a1e56fd34408186e4bbccfd4996cb3dc -> 
  custom:container-muxer-webm: aa71ff27fc2769a1b78a27578f13a17b -> 
  custom:container-demuxer-webm: 4f35f7cbe854078d1ac9338744f61a02 -> 
  custom:container-demuxer-ogg: 62fdf1f143b41e24485cea50d1cbac27 -> 
  custom:video-encoder-webm-vp8: eb34c28f22e8b96e1ab97ce403110664 -> 
  custom:video-codec-MediaFoundation-h265: 746d11721c4dcdbdad8f713fa42b33f4 -> 
  custom:video-decoder-webm-vp8: 9c59270c3fd7afecdb556c50c9e8de78 -> 
  custom:audio-decoder-ogg-vorbis: bf7c407c2cedff20999df2af8eb42d56 -> 
  custom:audio-encoder-webm-vorbis: bf7c407c2cedff20999df2af8eb42d56 -> 
========================================================================
Received Import Request.
  Time since last request: 17.878757 seconds.
  path: Assets/Scripts
  artifactKey: Guid(b49ab629fba6a2641a61a7cebd7955c5) Importer(815301076,1909f56bfc062723c751e8b465ee728b)
Start importing Assets/Scripts using Guid(b49ab629fba6a2641a61a7cebd7955c5) Importer(815301076,1909f56bfc062723c751e8b465ee728b)  -> (artifact id: '01b37bccfe1c54eb2ced3ec295284472') in 0.009524 seconds 
========================================================================
Received Import Request.
  Time since last request: 0.397069 seconds.
  path: Assets/DragToShoot.cs
  artifactKey: Guid(7cfa8ac0fc0e9914b94fcdcf24ba2d2f) Importer(815301076,1909f56bfc062723c751e8b465ee728b)
Start importing Assets/DragToShoot.cs using Guid(7cfa8ac0fc0e9914b94fcdcf24ba2d2f) Importer(815301076,1909f56bfc062723c751e8b465ee728b)  -> (artifact id: '5d327b59789cb0d29a8786c4ba0505eb') in 0.013280 seconds 
========================================================================
Received Import Request.
  Time since last request: 0.768602 seconds.
  path: Assets/PlayerMovement.cs
  artifactKey: Guid(557ffe049649d3b4d82d2c5fb4746673) Importer(815301076,1909f56bfc062723c751e8b465ee728b)
Start importing Assets/PlayerMovement.cs using Guid(557ffe049649d3b4d82d2c5fb4746673) Importer(815301076,1909f56bfc062723c751e8b465ee728b)  -> (artifact id: 'a63f2e734cd033a14e355b7671dcbbad') in 0.006237 seconds 
========================================================================
Received Prepare
Registering precompiled user dll's ...
Registered in 0.003844 seconds.
Begin MonoManager ReloadAssembly
Native extension for WindowsStandalone target not found
Refreshing native plugins compatible for Editor in 0.42 ms, found 3 plugins.
Preloading 0 native plugins for Editor in 0.00 ms.
Mono: successfully reloaded assembly
- Completed reload, in  0.871 seconds
Domain Reload Profiling:
	ReloadAssembly (872ms)
		BeginReloadAssembly (113ms)
			ExecutionOrderSort (0ms)
			DisableScriptedObjects (5ms)
			BackupInstance (0ms)
			ReleaseScriptingObjects (0ms)
			CreateAndSetChildDomain (32ms)
		EndReloadAssembly (700ms)
			LoadAssemblies (93ms)
			RebuildTransferFunctionScriptingTraits (0ms)
			SetupTypeCache (246ms)
			ReleaseScriptCaches (1ms)
			RebuildScriptCaches (34ms)
			SetupLoadedEditorAssemblies (260ms)
				LogAssemblyErrors (0ms)
				InitializePlatformSupportModulesInManaged (4ms)
				SetLoadedEditorAssemblies (0ms)
				RefreshPlugins (0ms)
				BeforeProcessingInitializeOnLoad (73ms)
				ProcessInitializeOnLoadAttributes (161ms)
				ProcessInitializeOnLoadMethodAttributes (13ms)
				AfterProcessingInitializeOnLoad (7ms)
				EditorAssembliesLoaded (0ms)
			ExecutionOrderSort2 (0ms)
			AwakeInstancesAfterBackupRestoration (4ms)
Platform modules already initialized, skipping
Refreshing native plugins compatible for Editor in 0.47 ms, found 3 plugins.
Preloading 0 native plugins for Editor in 0.00 ms.
Unloading 2392 Unused Serialized files (Serialized files now loaded: 0)
System memory in use before: 113.6 MB.
System memory in use after: 110.0 MB.

Unloading 60 unused Assets to reduce memory usage. Loaded Objects now: 2805.
Total: 4.229200 ms (FindLiveObjects: 0.168400 ms CreateObjectMapping: 0.072800 ms MarkObjects: 2.126000 ms  DeleteObjects: 1.861000 ms)

AssetImportParameters requested are different than current active one (requested -> active):
  custom:framework-win-MediaFoundation: 216162199b28c13a410421893ffa2e32 -> 
  custom:video-decoder-ogg-theora: a1e56fd34408186e4bbccfd4996cb3dc -> 
  custom:container-muxer-webm: aa71ff27fc2769a1b78a27578f13a17b -> 
  custom:container-demuxer-webm: 4f35f7cbe854078d1ac9338744f61a02 -> 
  custom:container-demuxer-ogg: 62fdf1f143b41e24485cea50d1cbac27 -> 
  custom:video-encoder-webm-vp8: eb34c28f22e8b96e1ab97ce403110664 -> 
  custom:video-codec-MediaFoundation-h265: 746d11721c4dcdbdad8f713fa42b33f4 -> 
  custom:video-decoder-webm-vp8: 9c59270c3fd7afecdb556c50c9e8de78 -> 
  custom:audio-decoder-ogg-vorbis: bf7c407c2cedff20999df2af8eb42d56 -> 
  custom:audio-encoder-webm-vorbis: bf7c407c2cedff20999df2af8eb42d56 -> 
========================================================================
Received Import Request.
  Time since last request: 13.014216 seconds.
  path: Assets/Graphics/Spine/Player/Player.png
  artifactKey: Guid(31f6425dcc0db424491f3f08b23a12be) Importer(815301076,1909f56bfc062723c751e8b465ee728b)
Start importing Assets/Graphics/Spine/Player/Player.png using Guid(31f6425dcc0db424491f3f08b23a12be) Importer(815301076,1909f56bfc062723c751e8b465ee728b)  -> (artifact id: '034b3cef26d006ed158eff1b3ab8245f') in 0.047507 seconds 
========================================================================
Received Import Request.
  Time since last request: 0.000153 seconds.
  path: Assets/Graphics/Spine/Player/Player_Atlas.asset
  artifactKey: Guid(acdb33226e5316e48b32fa9b04d48d99) Importer(815301076,1909f56bfc062723c751e8b465ee728b)
Start importing Assets/Graphics/Spine/Player/Player_Atlas.asset using Guid(acdb33226e5316e48b32fa9b04d48d99) Importer(815301076,1909f56bfc062723c751e8b465ee728b)  -> (artifact id: 'ddf25196bcf742bda4571cbdcbfd81bb') in 0.009912 seconds 
========================================================================
Received Import Request.
  Time since last request: 0.000153 seconds.
  path: Assets/Graphics/Spine/Player/Player_Material.mat
  artifactKey: Guid(bd0947ce0e898a1459168615b43c835d) Importer(815301076,1909f56bfc062723c751e8b465ee728b)
Start importing Assets/Graphics/Spine/Player/Player_Material.mat using Guid(bd0947ce0e898a1459168615b43c835d) Importer(815301076,1909f56bfc062723c751e8b465ee728b)  -> (artifact id: 'ea2c5d1f86bb218d538c23cb8743f6fb') in 0.057094 seconds 
========================================================================
Received Import Request.
  Time since last request: 0.000201 seconds.
  path: Assets/Graphics/Spine/Player/Player_SkeletonData.asset
  artifactKey: Guid(e86c272e76200b64d8fa16c924db5fd5) Importer(815301076,1909f56bfc062723c751e8b465ee728b)
Start importing Assets/Graphics/Spine/Player/Player_SkeletonData.asset using Guid(e86c272e76200b64d8fa16c924db5fd5) Importer(815301076,1909f56bfc062723c751e8b465ee728b)  -> (artifact id: 'b324ca85ec4d42dd860215c547840aa5') in 0.007949 seconds 
========================================================================
Received Import Request.
  Time since last request: 0.000303 seconds.
  path: Assets/Graphics/Spine/Player/Player_Material-Screen.mat
  artifactKey: Guid(37307335799a09e4284cc1de79d11c56) Importer(815301076,1909f56bfc062723c751e8b465ee728b)
Start importing Assets/Graphics/Spine/Player/Player_Material-Screen.mat using Guid(37307335799a09e4284cc1de79d11c56) Importer(815301076,1909f56bfc062723c751e8b465ee728b)  -> (artifact id: 'b0019857aefe55ba9cc6101ad5d40724') in 0.021940 seconds 
========================================================================
Received Import Request.
  Time since last request: 57.164380 seconds.
  path: Assets/Graphics/Spine/Player/Player_SkeletonData.asset
  artifactKey: Guid(e86c272e76200b64d8fa16c924db5fd5) Importer(815301076,1909f56bfc062723c751e8b465ee728b)
Start importing Assets/Graphics/Spine/Player/Player_SkeletonData.asset using Guid(e86c272e76200b64d8fa16c924db5fd5) Importer(815301076,1909f56bfc062723c751e8b465ee728b)  -> (artifact id: 'f76c051a4f0bd1483c3c2a3b05de1069') in 0.004092 seconds 
========================================================================
Received Import Request.
  Time since last request: 89.783762 seconds.
  path: Assets/Scripts/Planet.cs
  artifactKey: Guid(70f405b1670234146bce4cb72bace425) Importer(815301076,1909f56bfc062723c751e8b465ee728b)
Start importing Assets/Scripts/Planet.cs using Guid(70f405b1670234146bce4cb72bace425) Importer(815301076,1909f56bfc062723c751e8b465ee728b)  -> (artifact id: 'd638759d614a9fda3e63414a6932fd8a') in 0.006987 seconds 
========================================================================
Received Import Request.
  Time since last request: 6.754794 seconds.
  path: Assets/Scenes
  artifactKey: Guid(131a6b21c8605f84396be9f6751fb6e3) Importer(815301076,1909f56bfc062723c751e8b465ee728b)
Start importing Assets/Scenes using Guid(131a6b21c8605f84396be9f6751fb6e3) Importer(815301076,1909f56bfc062723c751e8b465ee728b)  -> (artifact id: 'df75b7d1a31c5b4f73fd45661b403b04') in 0.007556 seconds 
========================================================================
Received Import Request.
  Time since last request: 1.093738 seconds.
  path: Assets/Scripts/InputManager.cs
  artifactKey: Guid(8398f022ad27f3a47bb58b7356b7d935) Importer(815301076,1909f56bfc062723c751e8b465ee728b)
Start importing Assets/Scripts/InputManager.cs using Guid(8398f022ad27f3a47bb58b7356b7d935) Importer(815301076,1909f56bfc062723c751e8b465ee728b)  -> (artifact id: 'fe7ac0dd04f5440b0ad64a9aa6541ee2') in 0.005659 seconds 
========================================================================
Received Import Request.
  Time since last request: 17.040592 seconds.
  path: Assets/Graphics/Sprites
  artifactKey: Guid(5f5c0d98c83957540ba3a2d679614b4d) Importer(815301076,1909f56bfc062723c751e8b465ee728b)
Start importing Assets/Graphics/Sprites using Guid(5f5c0d98c83957540ba3a2d679614b4d) Importer(815301076,1909f56bfc062723c751e8b465ee728b)  -> (artifact id: '09c81903e2f0629097814ba7f4fb734a') in 0.005799 seconds 
========================================================================
Received Import Request.
  Time since last request: 25.288346 seconds.
  path: Assets/Graphics/Sprites/planet_A.png
  artifactKey: Guid(0ac340f9b65691e47a09ea0fb060e5f5) Importer(815301076,1909f56bfc062723c751e8b465ee728b)
Start importing Assets/Graphics/Sprites/planet_A.png using Guid(0ac340f9b65691e47a09ea0fb060e5f5) Importer(815301076,1909f56bfc062723c751e8b465ee728b)  -> (artifact id: '1320be0a24b323cd99df4cce2fd7227b') in 0.025569 seconds 
========================================================================
Received Import Request.
  Time since last request: 5.183018 seconds.
  path: Assets/Graphics/Sprites/planet.png
  artifactKey: Guid(0ac340f9b65691e47a09ea0fb060e5f5) Importer(815301076,1909f56bfc062723c751e8b465ee728b)
Start importing Assets/Graphics/Sprites/planet.png using Guid(0ac340f9b65691e47a09ea0fb060e5f5) Importer(815301076,1909f56bfc062723c751e8b465ee728b)  -> (artifact id: 'fc9bf7efd533e83b7f4cde1fbbe7628a') in 0.014517 seconds 
========================================================================
Received Import Request.
  Time since last request: 31.170623 seconds.
  path: Assets/Graphics/Sprites/Stars.png
  artifactKey: Guid(1ab53a591e6a5c640867ac5e413dda03) Importer(815301076,1909f56bfc062723c751e8b465ee728b)
Start importing Assets/Graphics/Sprites/Stars.png using Guid(1ab53a591e6a5c640867ac5e413dda03) Importer(815301076,1909f56bfc062723c751e8b465ee728b)  -> (artifact id: '495c787c3ce811d7d760d03c7a7bc6e2') in 0.021015 seconds 
========================================================================
Received Import Request.
  Time since last request: 3407.389434 seconds.
  path: Assets/Graphics/Spine/Player/Player.png
  artifactKey: Guid(31f6425dcc0db424491f3f08b23a12be) Importer(815301076,1909f56bfc062723c751e8b465ee728b)
Start importing Assets/Graphics/Spine/Player/Player.png using Guid(31f6425dcc0db424491f3f08b23a12be) Importer(815301076,1909f56bfc062723c751e8b465ee728b)  -> (artifact id: '62d6d244ac4c5f6c80629c3e86fbe278') in 0.067326 seconds 
========================================================================
Received Import Request.
  Time since last request: 0.000176 seconds.
  path: Assets/Graphics/Spine/Player/Player_Material.mat
  artifactKey: Guid(bd0947ce0e898a1459168615b43c835d) Importer(815301076,1909f56bfc062723c751e8b465ee728b)
Start importing Assets/Graphics/Spine/Player/Player_Material.mat using Guid(bd0947ce0e898a1459168615b43c835d) Importer(815301076,1909f56bfc062723c751e8b465ee728b)  -> (artifact id: '3b7dc6e1c813a2d53b8d37fe80e69b1c') in 0.050430 seconds 
========================================================================
Received Import Request.
  Time since last request: 12.970087 seconds.
  path: Assets/Graphics/Spine/Player/Player.png
  artifactKey: Guid(31f6425dcc0db424491f3f08b23a12be) Importer(815301076,1909f56bfc062723c751e8b465ee728b)
Start importing Assets/Graphics/Spine/Player/Player.png using Guid(31f6425dcc0db424491f3f08b23a12be) Importer(815301076,1909f56bfc062723c751e8b465ee728b)  -> (artifact id: '29d130a9aab07fdf3978f532fb8e5f57') in 0.016745 seconds 
========================================================================
Received Import Request.
  Time since last request: 0.000192 seconds.
  path: Assets/Graphics/Spine/Player/Player_Material-Screen.mat
  artifactKey: Guid(37307335799a09e4284cc1de79d11c56) Importer(815301076,1909f56bfc062723c751e8b465ee728b)
Start importing Assets/Graphics/Spine/Player/Player_Material-Screen.mat using Guid(37307335799a09e4284cc1de79d11c56) Importer(815301076,1909f56bfc062723c751e8b465ee728b)  -> (artifact id: '950826216d94b75551d008096b1bf8a9') in 0.019496 seconds 
========================================================================
Received Import Request.
  Time since last request: 69.116818 seconds.
  path: ProjectSettings/TagManager.asset
  artifactKey: Guid(00000000000000003000000000000000) Importer(815301076,1909f56bfc062723c751e8b465ee728b)
Start importing ProjectSettings/TagManager.asset using Guid(00000000000000003000000000000000) Importer(815301076,1909f56bfc062723c751e8b465ee728b)  -> (artifact id: '95df672b4aaba54310d34c83eef51bb8') in 0.010925 seconds 
========================================================================
Received Import Request.
  Time since last request: 161.480419 seconds.
  path: Assets/Graphics/Spine/Player/Player_SkeletonData.asset
  artifactKey: Guid(e86c272e76200b64d8fa16c924db5fd5) Importer(815301076,1909f56bfc062723c751e8b465ee728b)
Start importing Assets/Graphics/Spine/Player/Player_SkeletonData.asset using Guid(e86c272e76200b64d8fa16c924db5fd5) Importer(815301076,1909f56bfc062723c751e8b465ee728b)  -> (artifact id: '6f92722ec1f623ce697945e9617f0b79') in 0.010599 seconds 
========================================================================
Received Import Request.
  Time since last request: 22.936580 seconds.
  path: Assets/Graphics/Spine/Player/Player_Material-Screen.mat
  artifactKey: Guid(37307335799a09e4284cc1de79d11c56) Importer(815301076,1909f56bfc062723c751e8b465ee728b)
Start importing Assets/Graphics/Spine/Player/Player_Material-Screen.mat using Guid(37307335799a09e4284cc1de79d11c56) Importer(815301076,1909f56bfc062723c751e8b465ee728b)  -> (artifact id: '5c9f223b11eb6edb72f181cea7cd6a9a') in 0.028333 seconds 
========================================================================
Received Import Request.
  Time since last request: 61.723253 seconds.
  path: Assets/Graphics/Spine/Player/Player.png
  artifactKey: Guid(31f6425dcc0db424491f3f08b23a12be) Importer(815301076,1909f56bfc062723c751e8b465ee728b)
Start importing Assets/Graphics/Spine/Player/Player.png using Guid(31f6425dcc0db424491f3f08b23a12be) Importer(815301076,1909f56bfc062723c751e8b465ee728b)  -> (artifact id: '34239068606b04209f50fdb2bce09f78') in 0.026673 seconds 
========================================================================
Received Import Request.
  Time since last request: 0.000220 seconds.
  path: Assets/Graphics/Spine/Player/Player_Material-Screen.mat
  artifactKey: Guid(37307335799a09e4284cc1de79d11c56) Importer(815301076,1909f56bfc062723c751e8b465ee728b)
Start importing Assets/Graphics/Spine/Player/Player_Material-Screen.mat using Guid(37307335799a09e4284cc1de79d11c56) Importer(815301076,1909f56bfc062723c751e8b465ee728b)  -> (artifact id: '0ee1d4b801baacd1238447de51bab451') in 0.017040 seconds 
========================================================================
Received Import Request.
  Time since last request: 13.373397 seconds.
  path: Assets/Graphics/Spine/Player/Player.png
  artifactKey: Guid(31f6425dcc0db424491f3f08b23a12be) Importer(815301076,1909f56bfc062723c751e8b465ee728b)
Start importing Assets/Graphics/Spine/Player/Player.png using Guid(31f6425dcc0db424491f3f08b23a12be) Importer(815301076,1909f56bfc062723c751e8b465ee728b)  -> (artifact id: '2560fdc03892bb6ca56ccbcc77246742') in 0.020439 seconds 
========================================================================
Received Import Request.
  Time since last request: 9.608503 seconds.
  path: Assets/Graphics/Spine/Player/Player.png
  artifactKey: Guid(31f6425dcc0db424491f3f08b23a12be) Importer(815301076,1909f56bfc062723c751e8b465ee728b)
Start importing Assets/Graphics/Spine/Player/Player.png using Guid(31f6425dcc0db424491f3f08b23a12be) Importer(815301076,1909f56bfc062723c751e8b465ee728b)  -> (artifact id: 'dea9882c1bbf628c430700f5906e447d') in 0.015453 seconds 
========================================================================
Received Import Request.
  Time since last request: 4.512973 seconds.
  path: Assets/Graphics/Spine/Player/Player.png
  artifactKey: Guid(31f6425dcc0db424491f3f08b23a12be) Importer(815301076,1909f56bfc062723c751e8b465ee728b)
Start importing Assets/Graphics/Spine/Player/Player.png using Guid(31f6425dcc0db424491f3f08b23a12be) Importer(815301076,1909f56bfc062723c751e8b465ee728b)  -> (artifact id: '04ae1a33897fa4b852d94ae99fd89521') in 0.020445 seconds 
========================================================================
Received Import Request.
  Time since last request: 4.430429 seconds.
  path: Assets/Graphics/Spine/Player/Player.png
  artifactKey: Guid(31f6425dcc0db424491f3f08b23a12be) Importer(815301076,1909f56bfc062723c751e8b465ee728b)
Start importing Assets/Graphics/Spine/Player/Player.png using Guid(31f6425dcc0db424491f3f08b23a12be) Importer(815301076,1909f56bfc062723c751e8b465ee728b)  -> (artifact id: 'ae3b46e9551ca01624efff8765e5897b') in 0.013466 seconds 
========================================================================
Received Import Request.
  Time since last request: 3.896056 seconds.
  path: Assets/Graphics/Spine/Player/Player.png
  artifactKey: Guid(31f6425dcc0db424491f3f08b23a12be) Importer(815301076,1909f56bfc062723c751e8b465ee728b)
Start importing Assets/Graphics/Spine/Player/Player.png using Guid(31f6425dcc0db424491f3f08b23a12be) Importer(815301076,1909f56bfc062723c751e8b465ee728b)  -> (artifact id: '058c0c6a9f245b988db58b400137b2b3') in 0.011901 seconds 
========================================================================
Received Import Request.
  Time since last request: 7.471081 seconds.
  path: Assets/Graphics/Spine/Player/Player.png
  artifactKey: Guid(31f6425dcc0db424491f3f08b23a12be) Importer(815301076,1909f56bfc062723c751e8b465ee728b)
Start importing Assets/Graphics/Spine/Player/Player.png using Guid(31f6425dcc0db424491f3f08b23a12be) Importer(815301076,1909f56bfc062723c751e8b465ee728b)  -> (artifact id: '4afbafb93ec3b10cc7a94700488deeb9') in 0.015034 seconds 
========================================================================
Received Import Request.
  Time since last request: 4.248017 seconds.
  path: Assets/Graphics/Spine/Player/Player.png
  artifactKey: Guid(31f6425dcc0db424491f3f08b23a12be) Importer(815301076,1909f56bfc062723c751e8b465ee728b)
Start importing Assets/Graphics/Spine/Player/Player.png using Guid(31f6425dcc0db424491f3f08b23a12be) Importer(815301076,1909f56bfc062723c751e8b465ee728b)  -> (artifact id: '4ca64a87f03b0f8388dabb0968f65ab2') in 0.020528 seconds 
========================================================================
Received Import Request.
  Time since last request: 5.966958 seconds.
  path: Assets/Graphics/Spine/Player/Player.png
  artifactKey: Guid(31f6425dcc0db424491f3f08b23a12be) Importer(815301076,1909f56bfc062723c751e8b465ee728b)
Start importing Assets/Graphics/Spine/Player/Player.png using Guid(31f6425dcc0db424491f3f08b23a12be) Importer(815301076,1909f56bfc062723c751e8b465ee728b)  -> (artifact id: '12367e0400c7f052a8d7a40093878634') in 0.020633 seconds 
========================================================================
Received Import Request.
  Time since last request: 3.847101 seconds.
  path: Assets/Graphics/Spine/Player/Player.png
  artifactKey: Guid(31f6425dcc0db424491f3f08b23a12be) Importer(815301076,1909f56bfc062723c751e8b465ee728b)
Start importing Assets/Graphics/Spine/Player/Player.png using Guid(31f6425dcc0db424491f3f08b23a12be) Importer(815301076,1909f56bfc062723c751e8b465ee728b)  -> (artifact id: 'ade6dbd5439b9c207d69220c5f6bdfed') in 0.021800 seconds 
========================================================================
Received Import Request.
  Time since last request: 3.447784 seconds.
  path: Assets/Graphics/Spine/Player/Player.png
  artifactKey: Guid(31f6425dcc0db424491f3f08b23a12be) Importer(815301076,1909f56bfc062723c751e8b465ee728b)
Start importing Assets/Graphics/Spine/Player/Player.png using Guid(31f6425dcc0db424491f3f08b23a12be) Importer(815301076,1909f56bfc062723c751e8b465ee728b)  -> (artifact id: '8d2bf6954dd717809903e0a5c893bb3d') in 0.023755 seconds 
========================================================================
Received Import Request.
  Time since last request: 49.721692 seconds.
  path: Assets/Graphics/Spine/Player/Player.png
  artifactKey: Guid(31f6425dcc0db424491f3f08b23a12be) Importer(815301076,1909f56bfc062723c751e8b465ee728b)
Start importing Assets/Graphics/Spine/Player/Player.png using Guid(31f6425dcc0db424491f3f08b23a12be) Importer(815301076,1909f56bfc062723c751e8b465ee728b)  -> (artifact id: 'a5e03c58d5164068b1013810474f7257') in 0.015194 seconds 
========================================================================
Received Prepare
Registering precompiled user dll's ...
Registered in 0.003798 seconds.
Begin MonoManager ReloadAssembly
Native extension for WindowsStandalone target not found
Refreshing native plugins compatible for Editor in 0.62 ms, found 3 plugins.
Preloading 0 native plugins for Editor in 0.00 ms.
Mono: successfully reloaded assembly
- Completed reload, in  1.077 seconds
Domain Reload Profiling:
	ReloadAssembly (1079ms)
		BeginReloadAssembly (191ms)
			ExecutionOrderSort (0ms)
			DisableScriptedObjects (17ms)
			BackupInstance (0ms)
			ReleaseScriptingObjects (0ms)
			CreateAndSetChildDomain (71ms)
		EndReloadAssembly (825ms)
			LoadAssemblies (119ms)
			RebuildTransferFunctionScriptingTraits (0ms)
			SetupTypeCache (276ms)
			ReleaseScriptCaches (1ms)
			RebuildScriptCaches (40ms)
			SetupLoadedEditorAssemblies (315ms)
				LogAssemblyErrors (0ms)
				InitializePlatformSupportModulesInManaged (5ms)
				SetLoadedEditorAssemblies (1ms)
				RefreshPlugins (1ms)
				BeforeProcessingInitializeOnLoad (90ms)
				ProcessInitializeOnLoadAttributes (194ms)
				ProcessInitializeOnLoadMethodAttributes (16ms)
				AfterProcessingInitializeOnLoad (9ms)
				EditorAssembliesLoaded (0ms)
			ExecutionOrderSort2 (0ms)
			AwakeInstancesAfterBackupRestoration (4ms)
Platform modules already initialized, skipping
Refreshing native plugins compatible for Editor in 0.45 ms, found 3 plugins.
Preloading 0 native plugins for Editor in 0.00 ms.
Unloading 2392 Unused Serialized files (Serialized files now loaded: 0)
System memory in use before: 114.0 MB.
System memory in use after: 110.5 MB.

Unloading 59 unused Assets to reduce memory usage. Loaded Objects now: 2852.
Total: 5.715500 ms (FindLiveObjects: 0.209500 ms CreateObjectMapping: 0.108600 ms MarkObjects: 3.021100 ms  DeleteObjects: 2.375400 ms)

AssetImportParameters requested are different than current active one (requested -> active):
  custom:framework-win-MediaFoundation: 216162199b28c13a410421893ffa2e32 -> 
  custom:video-decoder-ogg-theora: a1e56fd34408186e4bbccfd4996cb3dc -> 
  custom:container-muxer-webm: aa71ff27fc2769a1b78a27578f13a17b -> 
  custom:container-demuxer-webm: 4f35f7cbe854078d1ac9338744f61a02 -> 
  custom:container-demuxer-ogg: 62fdf1f143b41e24485cea50d1cbac27 -> 
  custom:video-encoder-webm-vp8: eb34c28f22e8b96e1ab97ce403110664 -> 
  custom:video-codec-MediaFoundation-h265: 746d11721c4dcdbdad8f713fa42b33f4 -> 
  custom:video-decoder-webm-vp8: 9c59270c3fd7afecdb556c50c9e8de78 -> 
  custom:audio-decoder-ogg-vorbis: bf7c407c2cedff20999df2af8eb42d56 -> 
  custom:audio-encoder-webm-vorbis: bf7c407c2cedff20999df2af8eb42d56 -> 
========================================================================
Received Import Request.
  Time since last request: 91.953227 seconds.
  path: Assets/Graphics/Spine/Player/Player_SkeletonData.asset
  artifactKey: Guid(e86c272e76200b64d8fa16c924db5fd5) Importer(815301076,1909f56bfc062723c751e8b465ee728b)
Start importing Assets/Graphics/Spine/Player/Player_SkeletonData.asset using Guid(e86c272e76200b64d8fa16c924db5fd5) Importer(815301076,1909f56bfc062723c751e8b465ee728b)  -> (artifact id: 'bf282f5c1df57c3c3a89b0e6daa9b436') in 0.007716 seconds 
========================================================================
Received Import Request.
  Time since last request: 117.080288 seconds.
  path: Assets/Utility/Editor/SpineSettings.asset
  artifactKey: Guid(3cfd4c042c50c1e49a6058f216d93c96) Importer(815301076,1909f56bfc062723c751e8b465ee728b)
Start importing Assets/Utility/Editor/SpineSettings.asset using Guid(3cfd4c042c50c1e49a6058f216d93c96) Importer(815301076,1909f56bfc062723c751e8b465ee728b)  -> (artifact id: 'e37ea5ea654e774dbd8d40cc5a8fa0d4') in 0.006417 seconds 
